valledelsol-app/android/app/build/intermediates/manifest_merge_blame_file/debug/processDebugMainManifest/manifest-merger-blame-debug-report.txt
1<?xml version="1.0" encoding="utf-8"?>
2<manifest xmlns:android="http://schemas.android.com/apk/res/android"
3    package="com.vallesol.app"
4    android:versionCode="1"
5    android:versionName="1.0" >
6
7    <uses-sdk
8        android:minSdkVersion="24"
9        android:targetSdkVersion="36" />
10
11    <!-- Permissions -->
12    <uses-permission android:name="android.permission.INTERNET" />
12-->src\main\AndroidManifest.xml:35:5-67
12-->src\main\AndroidManifest.xml:35:22-64
13    <uses-permission android:name="android.permission.ACCESS_NETWORK_STATE" />
13-->src\main\AndroidManifest.xml:36:5-79
13-->src\main\AndroidManifest.xml:36:22-76
14    <uses-permission android:name="android.permission.ACCESS_FINE_LOCATION" />
14-->src\main\AndroidManifest.xml:37:5-79
14-->src\main\AndroidManifest.xml:37:22-76
15    <uses-permission android:name="android.permission.ACCESS_COARSE_LOCATION" />
15-->src\main\AndroidManifest.xml:38:5-81
15-->src\main\AndroidManifest.xml:38:22-78
16    <uses-permission android:name="android.permission.CAMERA" />
16-->src\main\AndroidManifest.xml:39:5-65
16-->src\main\AndroidManifest.xml:39:22-62
17    <uses-permission android:name="android.permission.VIBRATE" />
17-->[:capacitor-haptics] AndroidManifest.xml:7:5-66
17-->[:capacitor-haptics] AndroidManifest.xml:7:22-63
18
19    <permission
19-->[androidx.core:core:1.17.0] AndroidManifest.xml:22:5-24:47
20        android:name="com.vallesol.app.DYNAMIC_RECEIVER_NOT_EXPORTED_PERMISSION"
20-->[androidx.core:core:1.17.0] AndroidManifest.xml:23:9-81
21        android:protectionLevel="signature" />
21-->[androidx.core:core:1.17.0] AndroidManifest.xml:24:9-44
22
23    <uses-permission android:name="com.vallesol.app.DYNAMIC_RECEIVER_NOT_EXPORTED_PERMISSION" />
23-->[androidx.core:core:1.17.0] AndroidManifest.xml:26:5-97
23-->[androidx.core:core:1.17.0] AndroidManifest.xml:26:22-94
24
25    <application
25-->src\main\AndroidManifest.xml:3:5-32:19
26        android:allowBackup="true"
26-->src\main\AndroidManifest.xml:4:9-35
27        android:appComponentFactory="androidx.core.app.CoreComponentFactory"
27-->[androidx.core:core:1.17.0] AndroidManifest.xml:28:18-86
28        android:debuggable="true"
29        android:extractNativeLibs="false"
30        android:icon="@mipmap/ic_launcher"
30-->src\main\AndroidManifest.xml:5:9-43
31        android:label="@string/app_name"
31-->src\main\AndroidManifest.xml:6:9-41
32        android:networkSecurityConfig="@xml/network_security_config"
32-->src\main\AndroidManifest.xml:10:9-69
33        android:roundIcon="@mipmap/ic_launcher_round"
33-->src\main\AndroidManifest.xml:7:9-54
34        android:supportsRtl="true"
34-->src\main\AndroidManifest.xml:8:9-35
35        android:testOnly="true"
36        android:theme="@style/AppTheme"
36-->src\main\AndroidManifest.xml:9:9-40
37        android:usesCleartextTraffic="true" >
37-->src\main\AndroidManifest.xml:11:9-44
38        <activity
38-->src\main\AndroidManifest.xml:12:9-23:20
39            android:name="com.vallesol.app.MainActivity"
39-->src\main\AndroidManifest.xml:14:13-41
40            android:configChanges="orientation|keyboardHidden|keyboard|screenSize|locale|smallestScreenSize|screenLayout|uiMode|navigation|density"
40-->src\main\AndroidManifest.xml:13:13-148
41            android:exported="true"
41-->src\main\AndroidManifest.xml:18:13-36
42            android:label="FireWatch"
42-->src\main\AndroidManifest.xml:15:13-38
43            android:launchMode="singleTask"
43-->src\main\AndroidManifest.xml:17:13-44
44            android:theme="@style/AppTheme.NoActionBarLaunch" >
44-->src\main\AndroidManifest.xml:16:13-62
45            <intent-filter>
45-->src\main\AndroidManifest.xml:19:13-22:29
46                <action android:name="android.intent.action.MAIN" />
46-->src\main\AndroidManifest.xml:20:17-69
46-->src\main\AndroidManifest.xml:20:25-66
47
48                <category android:name="android.intent.category.LAUNCHER" />
48-->src\main\AndroidManifest.xml:21:17-77
48-->src\main\AndroidManifest.xml:21:27-74
49            </intent-filter>
50        </activity>
51
52        <provider
53            android:name="androidx.core.content.FileProvider"
53-->src\main\AndroidManifest.xml:26:13-62
54            android:authorities="com.vallesol.app.fileprovider"
54-->src\main\AndroidManifest.xml:27:13-64
55            android:exported="false"
55-->src\main\AndroidManifest.xml:28:13-37
56            android:grantUriPermissions="true" >
56-->src\main\AndroidManifest.xml:29:13-47
57            <meta-data
57-->src\main\AndroidManifest.xml:30:13-112
58                android:name="android.support.FILE_PROVIDER_PATHS"
58-->src\main\AndroidManifest.xml:30:24-74
59                android:resource="@xml/file_paths" />
59-->src\main\AndroidManifest.xml:30:75-109
60        </provider>
61
62        <activity
62-->[com.google.android.gms:play-services-base:18.5.0] AndroidManifest.xml:5:9-173
63            android:name="com.google.android.gms.common.api.GoogleApiActivity"
63-->[com.google.android.gms:play-services-base:18.5.0] AndroidManifest.xml:5:19-85
64            android:exported="false"
64-->[com.google.android.gms:play-services-base:18.5.0] AndroidManifest.xml:5:146-170
65            android:theme="@android:style/Theme.Translucent.NoTitleBar" />
65-->[com.google.android.gms:play-services-base:18.5.0] AndroidManifest.xml:5:86-145
66
67        <provider
67-->[androidx.emoji2:emoji2:1.3.0] AndroidManifest.xml:24:9-32:20
68            android:name="androidx.startup.InitializationProvider"
68-->[androidx.emoji2:emoji2:1.3.0] AndroidManifest.xml:25:13-67
69            android:authorities="com.vallesol.app.androidx-startup"
69-->[androidx.emoji2:emoji2:1.3.0] AndroidManifest.xml:26:13-68
70            android:exported="false" >
70-->[androidx.emoji2:emoji2:1.3.0] AndroidManifest.xml:27:13-37
71            <meta-data
71-->[androidx.emoji2:emoji2:1.3.0] AndroidManifest.xml:29:13-31:52
72                android:name="androidx.emoji2.text.EmojiCompatInitializer"
72-->[androidx.emoji2:emoji2:1.3.0] AndroidManifest.xml:30:17-75
73                android:value="androidx.startup" />
73-->[androidx.emoji2:emoji2:1.3.0] AndroidManifest.xml:31:17-49
74            <meta-data
74-->[androidx.lifecycle:lifecycle-process:2.6.2] AndroidManifest.xml:29:13-31:52
75                android:name="androidx.lifecycle.ProcessLifecycleInitializer"
75-->[androidx.lifecycle:lifecycle-process:2.6.2] AndroidManifest.xml:30:17-78
76                android:value="androidx.startup" />
76-->[androidx.lifecycle:lifecycle-process:2.6.2] AndroidManifest.xml:31:17-49
77            <meta-data
77-->[androidx.profileinstaller:profileinstaller:1.4.0] AndroidManifest.xml:29:13-31:52
78                android:name="androidx.profileinstaller.ProfileInstallerInitializer"
78-->[androidx.profileinstaller:profileinstaller:1.4.0] AndroidManifest.xml:30:17-85
79                android:value="androidx.startup" />
79-->[androidx.profileinstaller:profileinstaller:1.4.0] AndroidManifest.xml:31:17-49
80        </provider>
81
82        <meta-data
82-->[com.google.android.gms:play-services-basement:18.4.0] AndroidManifest.xml:6:9-122
83            android:name="com.google.android.gms.version"
83-->[com.google.android.gms:play-services-basement:18.4.0] AndroidManifest.xml:6:20-65
84            android:value="@integer/google_play_services_version" />
84-->[com.google.android.gms:play-services-basement:18.4.0] AndroidManifest.xml:6:66-119
85
86        <receiver
86-->[androidx.profileinstaller:profileinstaller:1.4.0] AndroidManifest.xml:34:9-52:20
87            android:name="androidx.profileinstaller.ProfileInstallReceiver"
87-->[androidx.profileinstaller:profileinstaller:1.4.0] AndroidManifest.xml:35:13-76
88            android:directBootAware="false"
88-->[androidx.profileinstaller:profileinstaller:1.4.0] AndroidManifest.xml:36:13-44
89            android:enabled="true"
89-->[androidx.profileinstaller:profileinstaller:1.4.0] AndroidManifest.xml:37:13-35
90            android:exported="true"
90-->[androidx.profileinstaller:profileinstaller:1.4.0] AndroidManifest.xml:38:13-36
91            android:permission="android.permission.DUMP" >
91-->[androidx.profileinstaller:profileinstaller:1.4.0] AndroidManifest.xml:39:13-57
92            <intent-filter>
92-->[androidx.profileinstaller:profileinstaller:1.4.0] AndroidManifest.xml:40:13-42:29
93                <action android:name="androidx.profileinstaller.action.INSTALL_PROFILE" />
93-->[androidx.profileinstaller:profileinstaller:1.4.0] AndroidManifest.xml:41:17-91
93-->[androidx.profileinstaller:profileinstaller:1.4.0] AndroidManifest.xml:41:25-88
94            </intent-filter>
95            <intent-filter>
95-->[androidx.profileinstaller:profileinstaller:1.4.0] AndroidManifest.xml:43:13-45:29
96                <action android:name="androidx.profileinstaller.action.SKIP_FILE" />
96-->[androidx.profileinstaller:profileinstaller:1.4.0] AndroidManifest.xml:44:17-85
96-->[androidx.profileinstaller:profileinstaller:1.4.0] AndroidManifest.xml:44:25-82
97            </intent-filter>
98            <intent-filter>
98-->[androidx.profileinstaller:profileinstaller:1.4.0] AndroidManifest.xml:46:13-48:29
99                <action android:name="androidx.profileinstaller.action.SAVE_PROFILE" />
99-->[androidx.profileinstaller:profileinstaller:1.4.0] AndroidManifest.xml:47:17-88
99-->[androidx.profileinstaller:profileinstaller:1.4.0] AndroidManifest.xml:47:25-85
100            </intent-filter>
101            <intent-filter>
101-->[androidx.profileinstaller:profileinstaller:1.4.0] AndroidManifest.xml:49:13-51:29
102                <action android:name="androidx.profileinstaller.action.BENCHMARK_OPERATION" />
102-->[androidx.profileinstaller:profileinstaller:1.4.0] AndroidManifest.xml:50:17-95
102-->[androidx.profileinstaller:profileinstaller:1.4.0] AndroidManifest.xml:50:25-92
103            </intent-filter>
104        </receiver>
105    </application>
106
107</manifest>